2024-12-06 16:03:14,795 - INFO - Бот успешно запущен и ожидает сообщений.
2024-12-06 16:03:22,817 - INFO - Пользователь 1274648135 начал викторину.
2024-12-06 16:03:23,200 - INFO - Отправлен вопрос 1 пользователю 1274648135.
2024-12-06 16:03:29,597 - INFO - Отправлен вопрос 2 пользователю 1274648135.
2024-12-06 16:04:33,367 - INFO - Бот успешно запущен и ожидает сообщений.
2024-12-06 16:04:37,099 - INFO - Пользователь 1274648135 начал викторину.
2024-12-06 16:04:37,372 - INFO - Отправлен вопрос 1 пользователю 1274648135.
2024-12-06 16:04:38,996 - INFO - Отправлен вопрос 2 пользователю 1274648135.
2024-12-06 16:05:35,930 - INFO - Бот успешно запущен и ожидает сообщений.
2024-12-06 16:05:39,619 - INFO - Пользователь 1274648135 начал викторину.
2024-12-06 16:05:39,842 - INFO - Отправлен вопрос 1 пользователю 1274648135.
2024-12-06 16:05:41,421 - INFO - Отправлен вопрос 2 пользователю 1274648135.
2024-12-06 16:05:42,571 - INFO - Отправлен вопрос 3 пользователю 1274648135.
2024-12-06 16:10:36,516 - INFO - Бот успешно запущен и ожидает сообщений.
2024-12-06 16:10:40,526 - INFO - Пользователь 1274648135 начал викторину.
2024-12-06 16:10:40,782 - INFO - Отправлен вопрос 1 пользователю 1274648135.
2024-12-06 16:10:42,649 - INFO - Отправлен вопрос 2 пользователю 1274648135.
2024-12-06 16:10:44,037 - INFO - Отправлен вопрос 3 пользователю 1274648135.
2024-12-06 16:10:45,680 - INFO - Пользователь 1274648135 остановил викторину на вопросе 2.
2024-12-06 16:11:07,035 - INFO - Пользователь 1274648135 начал викторину.
2024-12-06 16:11:07,260 - INFO - Отправлен вопрос 1 пользователю 1274648135.
2024-12-06 16:11:10,033 - INFO - Отправлен вопрос 2 пользователю 1274648135.
2024-12-06 16:11:14,783 - INFO - Пользователь 1274648135 остановил викторину на вопросе 1.
2024-12-06 16:12:06,539 - INFO - Бот успешно запущен и ожидает сообщений.
2024-12-06 16:12:12,041 - INFO - Пользователь 1274648135 начал викторину.
2024-12-06 16:12:12,312 - INFO - Отправлен вопрос 1 пользователю 1274648135.
2024-12-06 16:12:13,891 - INFO - Отправлен вопрос 2 пользователю 1274648135.
2024-12-06 16:12:15,149 - INFO - Отправлен вопрос 3 пользователю 1274648135.
2024-12-06 16:12:16,725 - INFO - Отправлен вопрос 4 пользователю 1274648135.
2024-12-06 16:12:18,476 - INFO - Отправлен вопрос 5 пользователю 1274648135.
2024-12-06 16:17:29,417 - INFO - Бот успешно запущен и ожидает сообщений.
2024-12-06 16:17:30,925 - INFO - Пользователь 1274648135 остановил викторину
2024-12-06 16:17:37,050 - INFO - Пользователь 1274648135 начал викторину.
2024-12-06 16:17:37,258 - INFO - Отправлен вопрос 1 пользователю 1274648135.
2024-12-06 16:17:39,152 - INFO - Пользователь 1274648135 начал викторину.
2024-12-06 16:17:39,341 - INFO - Отправлен вопрос 1 пользователю 1274648135.
2024-12-06 16:18:00,955 - INFO - Пользователь 1274648135 остановил викторину
2024-12-06 16:18:07,300 - INFO - Бот успешно запущен и ожидает сообщений.
2024-12-06 16:18:11,244 - INFO - Пользователь 1274648135 начал викторину.
2024-12-06 16:18:11,481 - INFO - Отправлен вопрос 1 пользователю 1274648135.
2024-12-06 16:19:33,983 - INFO - Бот успешно запущен и ожидает сообщений.
2024-12-06 16:19:35,489 - INFO - Пользователь 1274648135 остановил викторину
2024-12-06 16:19:40,699 - INFO - Пользователь 1274648135 начал викторину.
2024-12-06 16:19:40,968 - INFO - Отправлен вопрос 1 пользователю 1274648135.
2024-12-06 16:19:43,566 - INFO - Пользователь 1274648135 ответил на вопрос, ответом 'Гулять на природе'
2024-12-06 16:19:43,885 - INFO - Отправлен вопрос 2 пользователю 1274648135.
2024-12-06 16:20:02,052 - INFO - Пользователь 1274648135 остановил викторину
2024-12-06 16:26:32,035 - INFO - Бот успешно запущен и ожидает сообщений.
2024-12-06 16:26:33,674 - INFO - Получено сообщение от пользователя 1274648135: {'message_id': 8003, 'from': {'id': 1274648135, 'is_bot': False, 'first_name': 'Катя', 'language_code': 'ru'}, 'chat': {'id': 1274648135, 'first_name': 'Катя', 'type': 'private'}, 'date': 1733466391, 'text': 'Узнать свое тотемное животное'}
2024-12-06 16:26:36,413 - INFO - Пользователь 1274648135 начал викторину.
2024-12-06 16:26:36,747 - INFO - Отправлен вопрос 1 пользователю 1274648135.
2024-12-06 16:26:41,789 - INFO - Получено сообщение от пользователя 1274648135: {'message_id': 8007, 'from': {'id': 1274648135, 'is_bot': False, 'first_name': 'Катя', 'language_code': 'ru'}, 'chat': {'id': 1274648135, 'first_name': 'Катя', 'type': 'private'}, 'date': 1733466399, 'text': '/start', 'entities': [{'offset': 0, 'length': 6, 'type': 'bot_command'}]}
2024-12-06 16:29:15,678 - INFO - Бот успешно запущен и ожидает сообщений.
2024-12-06 16:29:17,884 - INFO - Получено сообщение от пользователя: {'message_id': 8010, 'from': {'id': 1274648135, 'is_bot': False, 'first_name': 'Катя', 'language_code': 'ru'}, 'chat': {'id': 1274648135, 'first_name': 'Катя', 'type': 'private'}, 'date': 1733466555, 'text': '/start', 'entities': [{'offset': 0, 'length': 6, 'type': 'bot_command'}]}
2024-12-06 16:29:45,679 - INFO - Бот успешно запущен и ожидает сообщений.
2024-12-06 16:29:48,364 - INFO - Получено сообщение от пользователя
2024-12-06 16:29:53,438 - INFO - Получено сообщение от пользователя
2024-12-06 16:29:55,051 - INFO - Пользователь 1274648135 начал викторину.
2024-12-06 16:29:55,368 - INFO - Отправлен вопрос 1 пользователю 1274648135.
2024-12-06 16:30:28,926 - INFO - Бот успешно запущен и ожидает сообщений.
2024-12-06 16:30:39,118 - INFO - Пользователь 1274648135 начал викторину.
2024-12-06 16:30:39,310 - INFO - Отправлен вопрос 1 пользователю 1274648135.
2024-12-06 16:30:45,337 - INFO - Пользователь 1274648135 ответил на вопрос, ответом 'Общаться с друзьями'
2024-12-06 16:30:45,639 - INFO - Отправлен вопрос 2 пользователю 1274648135.
2024-12-06 16:30:47,008 - INFO - Пользователь 1274648135 ответил на вопрос, ответом 'Исследование нового'
2024-12-06 16:30:47,283 - INFO - Отправлен вопрос 3 пользователю 1274648135.
2024-12-06 16:30:49,161 - INFO - Пользователь 1274648135 ответил на вопрос, ответом 'Уютный дом в городе'
2024-12-06 16:30:49,577 - INFO - Отправлен вопрос 4 пользователю 1274648135.
2024-12-06 16:30:51,723 - INFO - Пользователь 1274648135 остановил викторину
2024-12-06 16:30:56,166 - INFO - Пользователь 1274648135 запросил программу опеки.
2024-12-06 16:31:07,939 - INFO - Пользователь 1274648135 запросил программу опеки.
2024-12-06 16:31:14,824 - INFO - Пользователь 1274648135 начал викторину.
2024-12-06 16:31:15,041 - INFO - Отправлен вопрос 1 пользователю 1274648135.
2024-12-06 16:31:17,355 - INFO - Пользователь 1274648135 остановил викторину
2024-12-06 16:31:21,160 - INFO - Пользователь 1274648135 начал оставлять отзыв.
2024-12-06 16:31:26,648 - INFO - Пользователь 1274648135 отменил оставление отзыва.
2024-12-06 16:31:29,985 - INFO - Пользователь 1274648135 начал оставлять отзыв.
2024-12-06 16:31:36,542 - INFO - Сохранен отзыв от пользователя 1274648135: Привет
2024-12-06 16:31:58,779 - INFO - Пользователь 1274648135 начал викторину.
2024-12-06 16:31:59,080 - INFO - Отправлен вопрос 1 пользователю 1274648135.
2024-12-06 16:32:01,761 - INFO - Пользователь 1274648135 ответил на вопрос, ответом 'Общаться с друзьями'
2024-12-06 16:32:01,967 - INFO - Отправлен вопрос 2 пользователю 1274648135.
2024-12-06 16:32:02,079 - WARNING - Пользователь 1274648135 отправил нераспознанную команду: Общаться с друзьями
2024-12-06 16:32:07,151 - INFO - Пользователь 1274648135 ответил на вопрос, ответом 'Забота о других'
2024-12-06 16:32:07,456 - INFO - Отправлен вопрос 3 пользователю 1274648135.
2024-12-06 16:32:15,135 - INFO - Пользователь 1274648135 ответил на вопрос, ответом 'Горы'
2024-12-06 16:32:15,419 - INFO - Отправлен вопрос 4 пользователю 1274648135.
2024-12-06 16:32:18,373 - INFO - Пользователь 1274648135 ответил на вопрос, ответом 'Общаюсь с друзьями'
2024-12-06 16:32:18,709 - INFO - Отправлен вопрос 5 пользователю 1274648135.
2024-12-06 16:32:20,094 - INFO - Пользователь 1274648135 ответил на вопрос, ответом 'Люблю пробовать все подряд'
2024-12-06 16:32:20,461 - INFO - Отправлен вопрос 6 пользователю 1274648135.
2024-12-06 16:32:22,148 - INFO - Пользователь 1274648135 ответил на вопрос, ответом 'Путешествия'
2024-12-06 16:32:22,485 - INFO - Отправлен вопрос 7 пользователю 1274648135.
2024-12-06 16:32:24,834 - INFO - Пользователь 1274648135 ответил на вопрос, ответом 'Новатор'
2024-12-06 16:32:25,091 - INFO - Отправлен вопрос 8 пользователю 1274648135.
2024-12-06 16:32:26,495 - INFO - Пользователь 1274648135 ответил на вопрос, ответом 'Семью'
2024-12-06 16:32:26,731 - INFO - Отправлен вопрос 9 пользователю 1274648135.
2024-12-06 16:32:28,744 - INFO - Пользователь 1274648135 ответил на вопрос, ответом 'Терпимость'
2024-12-06 16:32:29,081 - INFO - Отправлен вопрос 10 пользователю 1274648135.
2024-12-06 16:32:30,916 - INFO - Пользователь 1274648135 ответил на вопрос, ответом 'Харизматичный'
2024-12-06 16:32:31,904 - INFO - Пользователь 1274648135 завершил викторину с результатом: 19.
2024-12-06 16:32:34,327 - INFO - Пользователь 1274648135 инициировал диалог с администратором.
2024-12-06 16:32:48,351 - INFO - Пользователь 1274648135 отправил сообщение администратору: Рпрл
2024-12-06 16:33:05,482 - INFO - Администратор ответил пользователю 1274648135: медведь
2024-12-06 16:33:10,720 - INFO - Пользователь 1274648135 завершил диалог с администратором.
2024-12-06 16:54:02,600 - INFO - Бот успешно запущен и ожидает сообщений.
2024-12-06 16:54:10,829 - INFO - Пользователь 1274648135 начал викторину.
2024-12-06 16:54:11,025 - INFO - Отправлен вопрос 1 пользователю 1274648135.
2024-12-06 16:54:15,291 - WARNING - Пользователь 1274648135 отправил нераспознанную команду: 😍😍😄😄
2024-12-06 16:54:26,290 - WARNING - Мультимедийное сообщение проигнорировано от пользователя 1274648135.
